[09/07/2020 20:23] [INFO] [bots.discordbot]: Logged into Discord | RavenFeet Shareholders
[09/07/2020 20:23] [INFO] [bots.twitchbot]: Logged into Twitch | ravenbot___
[09/07/2020 20:23] [Level 5] [bots.twitchbot]: ravenbot___: .color CadetBlue
[09/07/2020 20:24] [Level 5] [bots.twitchbot]: dreaded_: BIGFROG
[09/07/2020 20:24] [INFO] [bots.discordbot]: Logged into Discord | RavenFeet Shareholders
[09/07/2020 20:24] [INFO] [bots.twitchbot]: Logged into Twitch | ravenbot___
[09/07/2020 20:25] [INFO] [bots.discordbot]: Logged into Discord | RavenFeet Shareholders
[09/07/2020 20:25] [INFO] [bots.twitchbot]: Logged into Twitch | ravenbot___
[09/07/2020 20:25] [Level 5] [bots.twitchbot]: dreaded_: pepeSmoke pepeSmoke
[09/07/2020 20:25] [Level 5] [bots.twitchbot]: dreaded_: pepeClap
[09/07/2020 20:26] [INFO] [bots.discordbot]: Logged into Discord | RavenFeet Shareholders
[09/07/2020 20:26] [INFO] [bots.twitchbot]: Logged into Twitch | ravenbot___
[09/07/2020 20:26] [Level 5] [bots.twitchbot]: dreaded_: pepeClap
[09/07/2020 20:26] [Level 5] [bots.twitchbot]: dreaded_: pepeClap
[09/07/2020 20:27] [INFO] [bots.discordbot]: Logged into Discord | RavenFeet Shareholders
[09/07/2020 20:27] [INFO] [bots.twitchbot]: Logged into Twitch | ravenbot___
[09/07/2020 20:27] [Level 5] [bots.twitchbot]: dreaded_: pepeSmoke
[09/07/2020 20:27] [INFO] [bots.discordbot]: Logged into Discord | RavenFeet Shareholders
[09/07/2020 20:27] [INFO] [bots.twitchbot]: Logged into Twitch | ravenbot___
[09/07/2020 20:28] [Level 5] [bots.twitchbot]: dreaded_: pepeClap
[09/07/2020 20:37] [INFO] [bots.twitchbot]: Logged into Twitch | ravenbot___
[09/07/2020 20:37] [Level 5] [bots.twitchbot]: dreaded_: test
[09/07/2020 20:38] [INFO] [bots.discordbot]: Logged into Discord | RavenFeet Shareholders
[09/07/2020 20:38] [INFO] [bots.twitchbot]: Logged into Twitch | ravenbot___
[09/07/2020 20:38] [Level 5] [bots.twitchbot]: dreaded_: test
[09/07/2020 20:38] [Level 5] [bots.twitchbot]: dreaded_: test
[09/07/2020 20:39] [INFO] [bots.twitchbot]: Logged into Twitch | ravenbot___
[09/07/2020 20:40] [INFO] [bots.discordbot]: Logged into Discord | RavenFeet Shareholders
[09/07/2020 20:40] [Level 5] [bots.twitchbot]: dreaded_: help
[09/07/2020 20:43] [INFO] [bots.discordbot]: Logged into Discord | RavenFeet Shareholders
[09/07/2020 20:43] [INFO] [bots.twitchbot]: Logged into Twitch | ravenbot___
[09/07/2020 20:43] [Level 5] [bots.twitchbot]: dreaded_: test
[09/07/2020 20:43] [Level 5] [bots.twitchbot]: dreaded_: test
Logged into Discord | RavenFeet Shareholders
Logged into Twitch | ravenbot___
dreaded_: test
Logged into Discord | RavenFeet Shareholders
Logged into Twitch | ravenbot___
dreaded_: test
Logged into Discord | RavenFeet Shareholders
Logged into Twitch | ravenbot___
dreaded_: test
Logged into Discord | RavenFeet Shareholders
Logged into Twitch | ravenbot___
dreaded_: test
Logged into Discord | RavenFeet Shareholders
Logged into Twitch | ravenbot___
dreaded_: test
dreaded_: test
Logged into Discord | RavenFeet Shareholders
Logged into Twitch | ravenbot___
dreaded_: test
[09/07/2020 20:55] [INFO] [bots.discordbot]: Logged into Discord | RavenFeet Shareholders
[09/07/2020 20:55] [INFO] [bots.twitchbot]: Logged into Twitch | ravenbot___
[09/07/2020 20:56] [INFO] [bots.discordbot]: Logged into Discord | RavenFeet Shareholders
[09/07/2020 20:56] [INFO] [bots.twitchbot]: Logged into Twitch | ravenbot___
