[2020-07-12 21:18:53,223][DEBUG]: Bot is connected | username: ravenbot___
[2020-07-12 21:18:54,958][DEBUG]: Bot is connected | username: RavenBot#9284 | user id: 621556198378045440
[2020-07-12 21:18:54,958][DEBUG]: Guilds: RavenFeet Shareholders#596851216148070420
[2020-07-12 22:44:38,959][DEBUG]: Bot is connected | username: ravenbot___
[2020-07-12 22:44:40,772][DEBUG]: Bot is connected | username: RavenBot#9284 | user id: 621556198378045440
[2020-07-12 22:44:40,772][DEBUG]: Guilds: RavenFeet Shareholders#596851216148070420
[2020-07-13 13:52:09,339][DEBUG]: The extension 'twitchbot.cogs.custom' has been successfully loaded
[2020-07-13 13:52:10,081][DEBUG]: Bot is connected | username: ravenbot___
[2020-07-13 13:52:11,769][DEBUG]: Bot is connected | username: RavenBot#9284 | user id: 621556198378045440
[2020-07-13 13:52:11,772][DEBUG]: Guilds: RavenFeet Shareholders#596851216148070420
[2020-07-13 13:53:23,859][DEBUG]: The extension 'twitchbot.cogs.custom' has been successfully loaded
[2020-07-13 13:53:24,592][DEBUG]: Bot is connected | username: ravenbot___
[2020-07-13 13:53:26,467][DEBUG]: Bot is connected | username: RavenBot#9284 | user id: 621556198378045440
[2020-07-13 13:53:26,467][DEBUG]: Guilds: RavenFeet Shareholders#596851216148070420
[2020-07-13 14:26:10,017][DEBUG]: The extension 'twitchbot.cogs.custom' has been successfully loaded
[2020-07-13 14:26:10,765][DEBUG]: Bot is connected | username: ravenbot___
[2020-07-13 14:26:12,549][DEBUG]: Bot is connected | username: RavenBot#9284 | user id: 621556198378045440
[2020-07-13 14:26:12,549][DEBUG]: Guilds: RavenFeet Shareholders#596851216148070420
[2020-07-13 14:34:28,331][DEBUG]: The extension 'twitchbot.cogs.custom' has been successfully loaded
[2020-07-13 14:34:29,178][DEBUG]: Bot is connected | username: ravenbot___
[2020-07-13 14:34:30,858][DEBUG]: Bot is connected | username: RavenBot#9284 | user id: 621556198378045440
[2020-07-13 14:34:30,858][DEBUG]: Guilds: RavenFeet Shareholders#596851216148070420
[2020-07-13 14:36:42,343][DEBUG]: The extension 'twitchbot.cogs.custom' has been successfully loaded
[2020-07-13 14:36:43,093][DEBUG]: Bot is connected | username: ravenbot___
[2020-07-13 14:36:44,798][DEBUG]: Bot is connected | username: RavenBot#9284 | user id: 621556198378045440
[2020-07-13 14:36:44,798][DEBUG]: Guilds: RavenFeet Shareholders#596851216148070420
[2020-07-13 14:37:20,270][DEBUG]: The extension 'twitchbot.cogs.custom' has been successfully loaded
[2020-07-13 14:37:20,968][DEBUG]: Bot is connected | username: ravenbot___
[2020-07-13 14:37:22,780][DEBUG]: Bot is connected | username: RavenBot#9284 | user id: 621556198378045440
[2020-07-13 14:37:22,780][DEBUG]: Guilds: RavenFeet Shareholders#596851216148070420
[2020-07-13 14:38:00,450][DEBUG]: The extension 'twitchbot.cogs.custom' has been successfully loaded
[2020-07-13 14:38:01,173][DEBUG]: Bot is connected | username: ravenbot___
[2020-07-13 14:38:02,924][DEBUG]: Bot is connected | username: RavenBot#9284 | user id: 621556198378045440
[2020-07-13 14:38:02,924][DEBUG]: Guilds: RavenFeet Shareholders#596851216148070420
[2020-07-13 14:38:12,228][DEBUG]: The extension 'twitchbot.cogs.custom' has been successfully loaded
[2020-07-13 14:38:12,941][DEBUG]: Bot is connected | username: ravenbot___
[2020-07-13 14:40:28,590][DEBUG]: The extension 'twitchbot.cogs.custom' has been successfully loaded
[2020-07-13 14:40:29,307][DEBUG]: Bot is connected | username: ravenbot___
[2020-07-13 14:40:31,119][DEBUG]: Bot is connected | username: RavenBot#9284 | user id: 621556198378045440
[2020-07-13 14:40:31,119][DEBUG]: Guilds: RavenFeet Shareholders#596851216148070420
[2020-07-13 14:40:50,398][DEBUG]: The extension 'twitchbot.cogs.custom' has been successfully loaded
[2020-07-13 14:40:51,151][DEBUG]: Bot is connected | username: ravenbot___
[2020-07-13 14:40:52,901][DEBUG]: Bot is connected | username: RavenBot#9284 | user id: 621556198378045440
[2020-07-13 14:40:52,901][DEBUG]: Guilds: RavenFeet Shareholders#596851216148070420
[2020-07-13 14:41:13,345][DEBUG]: The extension 'twitchbot.cogs.custom' has been successfully loaded
[2020-07-13 14:41:14,057][DEBUG]: Bot is connected | username: ravenbot___
[2020-07-13 14:41:15,807][DEBUG]: Bot is connected | username: RavenBot#9284 | user id: 621556198378045440
[2020-07-13 14:41:15,807][DEBUG]: Guilds: RavenFeet Shareholders#596851216148070420
[2020-07-13 14:42:42,378][DEBUG]: The extension 'twitchbot.cogs.custom' has been successfully loaded
[2020-07-13 14:42:43,096][DEBUG]: Bot is connected | username: ravenbot___
[2020-07-13 14:42:44,814][DEBUG]: Bot is connected | username: RavenBot#9284 | user id: 621556198378045440
[2020-07-13 14:42:44,814][DEBUG]: Guilds: RavenFeet Shareholders#596851216148070420
[2020-07-13 14:43:41,801][DEBUG]: The extension 'twitchbot.cogs.custom' has been successfully loaded
[2020-07-13 14:43:42,512][DEBUG]: Bot is connected | username: ravenbot___
[2020-07-13 14:43:44,217][DEBUG]: Bot is connected | username: RavenBot#9284 | user id: 621556198378045440
[2020-07-13 14:43:44,217][DEBUG]: Guilds: RavenFeet Shareholders#596851216148070420
[2020-07-13 14:43:44,891][DEBUG]: The extension 'twitchbot.cogs.custom' has been successfully loaded
[2020-07-13 14:43:45,597][DEBUG]: Bot is connected | username: ravenbot___
[2020-07-13 14:43:54,286][DEBUG]: Bot is connected | username: RavenBot#9284 | user id: 621556198378045440
[2020-07-13 14:43:54,286][DEBUG]: Guilds: RavenFeet Shareholders#596851216148070420
[2020-07-13 14:45:31,040][DEBUG]: The extension 'twitchbot.cogs.custom' has been successfully loaded
[2020-07-13 14:45:31,792][DEBUG]: Bot is connected | username: ravenbot___
[2020-07-13 14:45:33,543][DEBUG]: Bot is connected | username: RavenBot#9284 | user id: 621556198378045440
[2020-07-13 14:45:33,543][DEBUG]: Guilds: RavenFeet Shareholders#596851216148070420
[2020-07-13 14:50:07,298][DEBUG]: The extension 'twitchbot.cogs.custom' has been successfully loaded
[2020-07-13 14:50:08,017][DEBUG]: Bot is connected | username: ravenbot___
[2020-07-13 14:50:09,815][DEBUG]: Bot is connected | username: RavenBot#9284 | user id: 621556198378045440
[2020-07-13 14:50:09,815][DEBUG]: Guilds: RavenFeet Shareholders#596851216148070420
[2020-07-13 14:58:07,927][DEBUG]: The extension 'twitchbot.cogs.custom' has been successfully loaded
[2020-07-13 14:58:08,657][DEBUG]: Bot is connected | username: ravenbot___
[2020-07-13 14:58:10,408][DEBUG]: Bot is connected | username: RavenBot#9284 | user id: 621556198378045440
[2020-07-13 14:58:10,408][DEBUG]: Guilds: RavenFeet Shareholders#596851216148070420
[2020-07-13 15:06:04,019][DEBUG]: The extension 'twitchbot.cogs.custom' has been successfully loaded
[2020-07-13 15:06:04,767][DEBUG]: Bot is connected | username: ravenbot___
[2020-07-13 15:06:06,488][DEBUG]: Bot is connected | username: RavenBot#9284 | user id: 621556198378045440
[2020-07-13 15:06:06,488][DEBUG]: Guilds: RavenFeet Shareholders#596851216148070420
[2020-07-13 15:08:55,409][DEBUG]: The extension 'twitchbot.cogs.custom' has been successfully loaded
[2020-07-13 15:08:56,121][DEBUG]: Bot is connected | username: ravenbot___
[2020-07-13 15:08:57,857][DEBUG]: Bot is connected | username: RavenBot#9284 | user id: 621556198378045440
[2020-07-13 15:08:57,857][DEBUG]: Guilds: RavenFeet Shareholders#596851216148070420
[2020-07-13 15:11:30,802][DEBUG]: The extension 'twitchbot.cogs.custom' has been successfully loaded
[2020-07-13 15:11:31,566][DEBUG]: Bot is connected | username: ravenbot___
[2020-07-13 15:11:33,349][DEBUG]: Bot is connected | username: RavenBot#9284 | user id: 621556198378045440
[2020-07-13 15:11:33,349][DEBUG]: Guilds: RavenFeet Shareholders#596851216148070420
[2020-07-13 15:14:55,992][DEBUG]: The extension 'twitchbot.cogs.custom' has been successfully loaded
[2020-07-13 15:14:56,717][DEBUG]: Bot is connected | username: ravenbot___
[2020-07-13 15:14:58,437][DEBUG]: Bot is connected | username: RavenBot#9284 | user id: 621556198378045440
[2020-07-13 15:14:58,437][DEBUG]: Guilds: RavenFeet Shareholders#596851216148070420
[2020-07-13 15:15:12,568][DEBUG]: The extension 'twitchbot.cogs.custom' has been successfully loaded
[2020-07-13 15:15:12,571][DEBUG]: The extension 'twitchbot.cogs.timers' has been successfully loaded
[2020-07-13 15:15:13,286][DEBUG]: Bot is connected | username: ravenbot___
[2020-07-13 15:15:15,131][DEBUG]: Bot is connected | username: RavenBot#9284 | user id: 621556198378045440
[2020-07-13 15:15:15,131][DEBUG]: Guilds: RavenFeet Shareholders#596851216148070420
[2020-07-13 15:20:54,171][DEBUG]: The extension 'twitchbot.cogs.timers' has been successfully loaded
[2020-07-13 15:20:54,174][DEBUG]: The extension 'twitchbot.cogs.quotes' has been successfully loaded
[2020-07-13 15:20:54,176][DEBUG]: The extension 'twitchbot.cogs.custom' has been successfully loaded
[2020-07-13 15:20:54,910][DEBUG]: Bot is connected | username: ravenbot___
[2020-07-13 15:20:56,600][DEBUG]: Bot is connected | username: RavenBot#9284 | user id: 621556198378045440
[2020-07-13 15:20:56,600][DEBUG]: Guilds: RavenFeet Shareholders#596851216148070420
[2020-07-13 15:22:26,414][DEBUG]: The extension 'twitchbot.cogs.custom' has been successfully loaded
[2020-07-13 15:22:26,415][DEBUG]: The extension 'twitchbot.cogs.quotes' has been successfully loaded
[2020-07-13 15:22:26,417][DEBUG]: The extension 'twitchbot.cogs.timers' has been successfully loaded
[2020-07-13 15:22:27,200][DEBUG]: Bot is connected | username: ravenbot___
[2020-07-13 15:22:28,920][DEBUG]: Bot is connected | username: RavenBot#9284 | user id: 621556198378045440
[2020-07-13 15:22:28,920][DEBUG]: Guilds: RavenFeet Shareholders#596851216148070420
[2020-07-13 16:07:51,408][DEBUG]: The extension 'twitchbot.cogs.custom' has been successfully loaded
[2020-07-13 16:07:51,410][DEBUG]: The extension 'twitchbot.cogs.quotes' has been successfully loaded
[2020-07-13 16:07:51,413][DEBUG]: The extension 'twitchbot.cogs.timers' has been successfully loaded
[2020-07-13 16:07:52,152][DEBUG]: Bot is connected | username: ravenbot___
[2020-07-13 16:07:53,935][DEBUG]: Bot is connected | username: RavenBot#9284 | user id: 621556198378045440
[2020-07-13 16:07:53,935][DEBUG]: Guilds: RavenFeet Shareholders#596851216148070420
[2020-07-13 16:09:21,338][DEBUG]: The extension 'twitchbot.cogs.quotes' has been successfully loaded
[2020-07-13 16:09:21,341][DEBUG]: The extension 'twitchbot.cogs.timers' has been successfully loaded
[2020-07-13 16:09:21,342][DEBUG]: The extension 'twitchbot.cogs.custom' has been successfully loaded
[2020-07-13 16:09:22,059][DEBUG]: Bot is connected | username: ravenbot___
[2020-07-13 16:09:23,997][DEBUG]: Bot is connected | username: RavenBot#9284 | user id: 621556198378045440
[2020-07-13 16:09:23,997][DEBUG]: Guilds: RavenFeet Shareholders#596851216148070420
[2020-07-13 16:10:42,957][DEBUG]: The extension 'twitchbot.cogs.timers' has been successfully loaded
[2020-07-13 16:10:42,961][DEBUG]: The extension 'twitchbot.cogs.custom' has been successfully loaded
[2020-07-13 16:10:42,963][DEBUG]: The extension 'twitchbot.cogs.quotes' has been successfully loaded
[2020-07-13 16:10:43,776][DEBUG]: Bot is connected | username: ravenbot___
[2020-07-13 16:10:45,466][DEBUG]: Bot is connected | username: RavenBot#9284 | user id: 621556198378045440
[2020-07-13 16:10:45,467][DEBUG]: Guilds: RavenFeet Shareholders#596851216148070420
[2020-07-13 16:12:31,088][DEBUG]: The extension 'twitchbot.cogs.custom' has been successfully loaded
[2020-07-13 16:12:31,093][DEBUG]: The extension 'twitchbot.cogs.timers' has been successfully loaded
[2020-07-13 16:12:31,096][DEBUG]: The extension 'twitchbot.cogs.quotes' has been successfully loaded
[2020-07-13 16:12:31,909][DEBUG]: Bot is connected | username: ravenbot___
[2020-07-13 16:12:33,612][DEBUG]: Bot is connected | username: RavenBot#9284 | user id: 621556198378045440
[2020-07-13 16:12:33,613][DEBUG]: Guilds: RavenFeet Shareholders#596851216148070420
[2020-07-13 16:13:27,407][DEBUG]: The extension 'twitchbot.cogs.quotes' has been successfully loaded
[2020-07-13 16:13:27,410][DEBUG]: The extension 'twitchbot.cogs.custom' has been successfully loaded
[2020-07-13 16:13:27,415][DEBUG]: The extension 'twitchbot.cogs.timers' has been successfully loaded
[2020-07-13 16:13:28,215][DEBUG]: Bot is connected | username: ravenbot___
[2020-07-13 16:13:29,902][DEBUG]: Bot is connected | username: RavenBot#9284 | user id: 621556198378045440
[2020-07-13 16:13:29,903][DEBUG]: Guilds: RavenFeet Shareholders#596851216148070420
[2020-07-13 16:14:46,478][DEBUG]: The extension 'twitchbot.cogs.timers' has been successfully loaded
[2020-07-13 16:14:46,480][DEBUG]: The extension 'twitchbot.cogs.quotes' has been successfully loaded
[2020-07-13 16:14:46,484][DEBUG]: The extension 'twitchbot.cogs.custom' has been successfully loaded
[2020-07-13 16:14:47,213][DEBUG]: Bot is connected | username: ravenbot___
[2020-07-13 16:14:48,995][DEBUG]: Bot is connected | username: RavenBot#9284 | user id: 621556198378045440
[2020-07-13 16:14:48,995][DEBUG]: Guilds: RavenFeet Shareholders#596851216148070420
[2020-07-13 16:15:07,452][DEBUG]: The extension 'twitchbot.cogs.timers' has been successfully loaded
[2020-07-13 16:15:07,457][DEBUG]: The extension 'twitchbot.cogs.custom' has been successfully loaded
[2020-07-13 16:15:07,460][DEBUG]: The extension 'twitchbot.cogs.quotes' has been successfully loaded
[2020-07-13 16:15:08,176][DEBUG]: Bot is connected | username: ravenbot___
[2020-07-13 16:15:10,006][DEBUG]: Bot is connected | username: RavenBot#9284 | user id: 621556198378045440
[2020-07-13 16:15:10,007][DEBUG]: Guilds: RavenFeet Shareholders#596851216148070420
[2020-07-13 16:15:47,567][DEBUG]: The extension 'twitchbot.cogs.custom' has been successfully loaded
[2020-07-13 16:15:47,573][DEBUG]: The extension 'twitchbot.cogs.timers' has been successfully loaded
[2020-07-13 16:15:47,576][DEBUG]: The extension 'twitchbot.cogs.quotes' has been successfully loaded
[2020-07-13 16:15:48,290][DEBUG]: Bot is connected | username: ravenbot___
[2020-07-13 16:15:50,041][DEBUG]: Bot is connected | username: RavenBot#9284 | user id: 621556198378045440
[2020-07-13 16:15:50,042][DEBUG]: Guilds: RavenFeet Shareholders#596851216148070420
[2020-07-13 16:24:04,134][DEBUG]: The extension 'twitchbot.cogs.quotes' has been successfully loaded
[2020-07-13 16:24:42,728][DEBUG]: The extension 'twitchbot.cogs.quotes' has been successfully loaded
[2020-07-13 16:24:42,732][DEBUG]: The extension 'twitchbot.cogs.custom' has been successfully loaded
[2020-07-13 16:24:42,737][DEBUG]: The extension 'twitchbot.cogs.timers' has been successfully loaded
[2020-07-13 16:24:43,478][DEBUG]: Bot is connected | username: ravenbot___
[2020-07-13 16:24:45,215][DEBUG]: Bot is connected | username: RavenBot#9284 | user id: 621556198378045440
[2020-07-13 16:24:45,215][DEBUG]: Guilds: RavenFeet Shareholders#596851216148070420
[2020-07-13 16:25:50,942][DEBUG]: The extension 'twitchbot.cogs.quotes' has been successfully loaded
[2020-07-13 16:25:50,945][DEBUG]: The extension 'twitchbot.cogs.custom' has been successfully loaded
[2020-07-13 16:25:50,951][DEBUG]: The extension 'twitchbot.cogs.timers' has been successfully loaded
[2020-07-13 16:25:51,720][DEBUG]: Bot is connected | username: ravenbot___
[2020-07-13 16:25:53,472][DEBUG]: Bot is connected | username: RavenBot#9284 | user id: 621556198378045440
[2020-07-13 16:25:53,472][DEBUG]: Guilds: RavenFeet Shareholders#596851216148070420
[2020-07-13 16:26:12,686][DEBUG]: The extension 'twitchbot.cogs.quotes' has been successfully loaded
[2020-07-13 16:26:12,692][DEBUG]: The extension 'twitchbot.cogs.timers' has been successfully loaded
[2020-07-13 16:26:12,695][DEBUG]: The extension 'twitchbot.cogs.custom' has been successfully loaded
[2020-07-13 16:26:13,699][DEBUG]: Bot is connected | username: ravenbot___
[2020-07-13 16:26:15,199][DEBUG]: Bot is connected | username: RavenBot#9284 | user id: 621556198378045440
[2020-07-13 16:26:15,200][DEBUG]: Guilds: RavenFeet Shareholders#596851216148070420
[2020-07-13 16:27:33,751][DEBUG]: The extension 'twitchbot.cogs.custom' has been successfully loaded
[2020-07-13 16:27:33,757][DEBUG]: The extension 'twitchbot.cogs.timers' has been successfully loaded
[2020-07-13 16:27:33,759][DEBUG]: The extension 'twitchbot.cogs.quotes' has been successfully loaded
[2020-07-13 16:27:34,500][DEBUG]: Bot is connected | username: ravenbot___
[2020-07-13 16:27:49,642][DEBUG]: The extension 'twitchbot.cogs.custom' has been successfully loaded
[2020-07-13 16:27:49,645][DEBUG]: The extension 'twitchbot.cogs.quotes' has been successfully loaded
[2020-07-13 16:27:49,650][DEBUG]: The extension 'twitchbot.cogs.timers' has been successfully loaded
[2020-07-13 16:27:50,458][DEBUG]: Bot is connected | username: ravenbot___
[2020-07-13 16:27:52,117][DEBUG]: Bot is connected | username: RavenBot#9284 | user id: 621556198378045440
[2020-07-13 16:27:52,117][DEBUG]: Guilds: RavenFeet Shareholders#596851216148070420
[2020-07-13 16:28:11,561][DEBUG]: The extension 'twitchbot.cogs.timers' has been successfully loaded
[2020-07-13 16:28:11,564][DEBUG]: The extension 'twitchbot.cogs.quotes' has been successfully loaded
[2020-07-13 16:28:11,567][DEBUG]: The extension 'twitchbot.cogs.custom' has been successfully loaded
[2020-07-13 16:28:12,313][DEBUG]: Bot is connected | username: ravenbot___
[2020-07-13 16:28:14,130][DEBUG]: Bot is connected | username: RavenBot#9284 | user id: 621556198378045440
[2020-07-13 16:28:14,130][DEBUG]: Guilds: RavenFeet Shareholders#596851216148070420
[2020-07-13 16:28:24,818][DEBUG]: The extension 'twitchbot.cogs.custom' has been successfully loaded
[2020-07-13 16:28:24,820][DEBUG]: The extension 'twitchbot.cogs.quotes' has been successfully loaded
[2020-07-13 16:28:24,826][DEBUG]: The extension 'twitchbot.cogs.timers' has been successfully loaded
[2020-07-13 16:28:25,562][DEBUG]: Bot is connected | username: ravenbot___
[2020-07-13 16:28:27,438][DEBUG]: Bot is connected | username: RavenBot#9284 | user id: 621556198378045440
[2020-07-13 16:28:27,438][DEBUG]: Guilds: RavenFeet Shareholders#596851216148070420
[2020-07-13 16:29:10,928][DEBUG]: The extension 'twitchbot.cogs.quotes' has been successfully loaded
[2020-07-13 16:29:10,932][DEBUG]: The extension 'twitchbot.cogs.custom' has been successfully loaded
[2020-07-13 16:29:10,937][DEBUG]: The extension 'twitchbot.cogs.timers' has been successfully loaded
[2020-07-13 16:29:11,662][DEBUG]: Bot is connected | username: ravenbot___
[2020-07-13 16:29:13,460][DEBUG]: Bot is connected | username: RavenBot#9284 | user id: 621556198378045440
[2020-07-13 16:29:13,461][DEBUG]: Guilds: RavenFeet Shareholders#596851216148070420
[2020-07-13 16:30:19,294][DEBUG]: The extension 'twitchbot.cogs.timers' has been successfully loaded
[2020-07-13 16:30:19,296][DEBUG]: The extension 'twitchbot.cogs.quotes' has been successfully loaded
[2020-07-13 16:30:19,300][DEBUG]: The extension 'twitchbot.cogs.custom' has been successfully loaded
[2020-07-13 16:30:20,021][DEBUG]: Bot is connected | username: ravenbot___
[2020-07-13 16:30:21,726][DEBUG]: Bot is connected | username: RavenBot#9284 | user id: 621556198378045440
[2020-07-13 16:30:21,727][DEBUG]: Guilds: RavenFeet Shareholders#596851216148070420
[2020-07-13 16:31:41,686][DEBUG]: The extension 'twitchbot.cogs.custom' has been successfully loaded
[2020-07-13 16:31:41,688][DEBUG]: The extension 'twitchbot.cogs.quotes' has been successfully loaded
[2020-07-13 16:31:41,694][DEBUG]: The extension 'twitchbot.cogs.timers' has been successfully loaded
[2020-07-13 16:31:42,451][DEBUG]: Bot is connected | username: ravenbot___
[2020-07-13 16:31:44,155][DEBUG]: Bot is connected | username: RavenBot#9284 | user id: 621556198378045440
[2020-07-13 16:31:44,155][DEBUG]: Guilds: RavenFeet Shareholders#596851216148070420
[2020-07-13 16:33:41,014][DEBUG]: The extension 'twitchbot.cogs.custom' has been successfully loaded
[2020-07-13 16:33:41,020][DEBUG]: The extension 'twitchbot.cogs.timers' has been successfully loaded
[2020-07-13 16:33:41,023][DEBUG]: The extension 'twitchbot.cogs.quotes' has been successfully loaded
[2020-07-13 16:33:41,765][DEBUG]: Bot is connected | username: ravenbot___
[2020-07-13 16:33:43,515][DEBUG]: Bot is connected | username: RavenBot#9284 | user id: 621556198378045440
[2020-07-13 16:33:43,516][DEBUG]: Guilds: RavenFeet Shareholders#596851216148070420
[2020-07-13 16:34:59,108][DEBUG]: The extension 'twitchbot.cogs.timers' has been successfully loaded
[2020-07-13 16:34:59,112][DEBUG]: The extension 'twitchbot.cogs.custom' has been successfully loaded
[2020-07-13 16:34:59,115][DEBUG]: The extension 'twitchbot.cogs.quotes' has been successfully loaded
[2020-07-13 16:34:59,917][DEBUG]: Bot is connected | username: ravenbot___
[2020-07-13 16:35:01,655][DEBUG]: Bot is connected | username: RavenBot#9284 | user id: 621556198378045440
[2020-07-13 16:35:01,655][DEBUG]: Guilds: RavenFeet Shareholders#596851216148070420
[2020-07-13 16:35:19,506][DEBUG]: The extension 'twitchbot.cogs.custom' has been successfully loaded
[2020-07-13 16:35:19,512][DEBUG]: The extension 'twitchbot.cogs.timers' has been successfully loaded
[2020-07-13 16:35:19,514][DEBUG]: The extension 'twitchbot.cogs.quotes' has been successfully loaded
[2020-07-13 16:35:20,246][DEBUG]: Bot is connected | username: ravenbot___
[2020-07-13 16:35:22,063][DEBUG]: Bot is connected | username: RavenBot#9284 | user id: 621556198378045440
[2020-07-13 16:35:22,063][DEBUG]: Guilds: RavenFeet Shareholders#596851216148070420
[2020-07-13 16:35:37,480][DEBUG]: The extension 'twitchbot.cogs.timers' has been successfully loaded
[2020-07-13 16:35:37,484][DEBUG]: The extension 'twitchbot.cogs.custom' has been successfully loaded
[2020-07-13 16:35:37,486][DEBUG]: The extension 'twitchbot.cogs.quotes' has been successfully loaded
[2020-07-13 16:35:38,188][DEBUG]: Bot is connected | username: ravenbot___
[2020-07-13 16:35:39,955][DEBUG]: Bot is connected | username: RavenBot#9284 | user id: 621556198378045440
[2020-07-13 16:35:39,955][DEBUG]: Guilds: RavenFeet Shareholders#596851216148070420
[2020-07-13 16:36:55,625][DEBUG]: The extension 'twitchbot.cogs.timers' has been successfully loaded
[2020-07-13 16:36:55,628][DEBUG]: The extension 'twitchbot.cogs.custom' has been successfully loaded
[2020-07-13 16:36:55,631][DEBUG]: The extension 'twitchbot.cogs.quotes' has been successfully loaded
[2020-07-13 16:36:56,371][DEBUG]: Bot is connected | username: ravenbot___
[2020-07-13 16:36:58,402][DEBUG]: Bot is connected | username: RavenBot#9284 | user id: 621556198378045440
[2020-07-13 16:36:58,402][DEBUG]: Guilds: RavenFeet Shareholders#596851216148070420
[2020-07-13 16:37:58,740][DEBUG]: The extension 'twitchbot.cogs.timers' has been successfully loaded
[2020-07-13 16:37:58,743][DEBUG]: The extension 'twitchbot.cogs.custom' has been successfully loaded
[2020-07-13 16:37:58,746][DEBUG]: The extension 'twitchbot.cogs.quotes' has been successfully loaded
[2020-07-13 16:37:59,477][DEBUG]: Bot is connected | username: ravenbot___
[2020-07-13 16:38:01,260][DEBUG]: Bot is connected | username: RavenBot#9284 | user id: 621556198378045440
[2020-07-13 16:38:01,260][DEBUG]: Guilds: RavenFeet Shareholders#596851216148070420
[2020-07-13 16:38:25,609][DEBUG]: The extension 'twitchbot.cogs.timers' has been successfully loaded
[2020-07-13 16:38:25,612][DEBUG]: The extension 'twitchbot.cogs.quotes' has been successfully loaded
[2020-07-13 16:38:25,615][DEBUG]: The extension 'twitchbot.cogs.custom' has been successfully loaded
[2020-07-13 16:38:26,351][DEBUG]: Bot is connected | username: ravenbot___
[2020-07-13 16:38:28,180][DEBUG]: Bot is connected | username: RavenBot#9284 | user id: 621556198378045440
[2020-07-13 16:38:28,180][DEBUG]: Guilds: RavenFeet Shareholders#596851216148070420
[2020-07-13 16:39:44,066][DEBUG]: The extension 'twitchbot.cogs.custom' has been successfully loaded
[2020-07-13 16:39:44,069][DEBUG]: The extension 'twitchbot.cogs.quotes' has been successfully loaded
[2020-07-13 16:39:44,075][DEBUG]: The extension 'twitchbot.cogs.timers' has been successfully loaded
[2020-07-13 16:39:44,873][DEBUG]: Bot is connected | username: ravenbot___
[2020-07-13 16:39:46,610][DEBUG]: Bot is connected | username: RavenBot#9284 | user id: 621556198378045440
[2020-07-13 16:39:46,611][DEBUG]: Guilds: RavenFeet Shareholders#596851216148070420
[2020-07-13 16:42:02,737][DEBUG]: The extension 'twitchbot.cogs.quotes' has been successfully loaded
[2020-07-13 16:42:02,742][DEBUG]: The extension 'twitchbot.cogs.timers' has been successfully loaded
[2020-07-13 16:42:02,746][DEBUG]: The extension 'twitchbot.cogs.custom' has been successfully loaded
[2020-07-13 16:42:03,516][DEBUG]: Bot is connected | username: ravenbot___
[2020-07-13 16:42:05,361][DEBUG]: Bot is connected | username: RavenBot#9284 | user id: 621556198378045440
[2020-07-13 16:42:05,362][DEBUG]: Guilds: RavenFeet Shareholders#596851216148070420
[2020-07-13 16:42:23,654][DEBUG]: The extension 'twitchbot.cogs.timers' has been successfully loaded
[2020-07-13 16:42:23,656][DEBUG]: The extension 'twitchbot.cogs.quotes' has been successfully loaded
[2020-07-13 16:42:23,660][DEBUG]: The extension 'twitchbot.cogs.custom' has been successfully loaded
[2020-07-13 16:42:24,403][DEBUG]: Bot is connected | username: ravenbot___
[2020-07-13 16:42:26,171][DEBUG]: Bot is connected | username: RavenBot#9284 | user id: 621556198378045440
[2020-07-13 16:42:26,171][DEBUG]: Guilds: RavenFeet Shareholders#596851216148070420
[2020-07-13 16:42:54,569][DEBUG]: The extension 'twitchbot.cogs.custom' has been successfully loaded
[2020-07-13 16:42:54,573][DEBUG]: The extension 'twitchbot.cogs.timers' has been successfully loaded
[2020-07-13 16:42:54,574][DEBUG]: The extension 'twitchbot.cogs.quotes' has been successfully loaded
[2020-07-13 16:42:55,283][DEBUG]: Bot is connected | username: ravenbot___
[2020-07-13 16:42:57,034][DEBUG]: Bot is connected | username: RavenBot#9284 | user id: 621556198378045440
[2020-07-13 16:42:57,034][DEBUG]: Guilds: RavenFeet Shareholders#596851216148070420
[2020-07-13 16:43:01,435][DEBUG]: The extension 'twitchbot.cogs.timers' has been successfully loaded
[2020-07-13 16:43:01,436][DEBUG]: The extension 'twitchbot.cogs.quotes' has been successfully loaded
[2020-07-13 16:43:01,437][DEBUG]: The extension 'twitchbot.cogs.custom' has been successfully loaded
[2020-07-13 16:43:02,131][DEBUG]: Bot is connected | username: ravenbot___
[2020-07-13 16:43:03,960][DEBUG]: Bot is connected | username: RavenBot#9284 | user id: 621556198378045440
[2020-07-13 16:43:03,960][DEBUG]: Guilds: RavenFeet Shareholders#596851216148070420
[2020-07-13 16:43:58,412][DEBUG]: The extension 'twitchbot.cogs.timers' has been successfully loaded
[2020-07-13 16:43:58,414][DEBUG]: The extension 'twitchbot.cogs.custom' has been successfully loaded
[2020-07-13 16:43:58,415][DEBUG]: The extension 'twitchbot.cogs.quotes' has been successfully loaded
[2020-07-13 16:43:59,171][DEBUG]: Bot is connected | username: ravenbot___
[2020-07-13 16:44:00,829][DEBUG]: Bot is connected | username: RavenBot#9284 | user id: 621556198378045440
[2020-07-13 16:44:00,829][DEBUG]: Guilds: RavenFeet Shareholders#596851216148070420
[2020-07-13 16:58:29,829][DEBUG]: The extension 'twitchbot.cogs.timers' has been successfully loaded
[2020-07-13 16:58:29,831][DEBUG]: The extension 'twitchbot.cogs.quotes' has been successfully loaded
[2020-07-13 16:58:29,834][DEBUG]: The extension 'twitchbot.cogs.custom' has been successfully loaded
[2020-07-13 16:58:30,583][DEBUG]: Bot is connected | username: ravenbot___
[2020-07-13 16:58:32,287][DEBUG]: Bot is connected | username: RavenBot#9284 | user id: 621556198378045440
[2020-07-13 16:58:32,287][DEBUG]: Guilds: RavenFeet Shareholders#596851216148070420
[2020-07-13 16:58:48,999][DEBUG]: The extension 'twitchbot.cogs.quotes' has been successfully loaded
[2020-07-13 16:58:49,002][DEBUG]: The extension 'twitchbot.cogs.custom' has been successfully loaded
[2020-07-13 16:58:49,003][DEBUG]: The extension 'twitchbot.cogs.timers' has been successfully loaded
[2020-07-13 16:58:49,731][DEBUG]: Bot is connected | username: ravenbot___
[2020-07-13 16:58:51,482][DEBUG]: Bot is connected | username: RavenBot#9284 | user id: 621556198378045440
[2020-07-13 16:58:51,482][DEBUG]: Guilds: RavenFeet Shareholders#596851216148070420
[2020-07-13 17:01:03,581][DEBUG]: The extension 'twitchbot.cogs.custom' has been successfully loaded
[2020-07-13 17:01:03,582][DEBUG]: The extension 'twitchbot.cogs.timers' has been successfully loaded
[2020-07-13 17:01:03,583][DEBUG]: The extension 'twitchbot.cogs.quotes' has been successfully loaded
[2020-07-13 17:01:04,337][DEBUG]: Bot is connected | username: ravenbot___
[2020-07-13 17:01:06,087][DEBUG]: Bot is connected | username: RavenBot#9284 | user id: 621556198378045440
[2020-07-13 17:01:06,087][DEBUG]: Guilds: RavenFeet Shareholders#596851216148070420
[2020-07-13 17:01:32,805][DEBUG]: The extension 'twitchbot.cogs.quotes' has been successfully loaded
[2020-07-13 17:01:32,807][DEBUG]: The extension 'twitchbot.cogs.timers' has been successfully loaded
[2020-07-13 17:01:32,809][DEBUG]: The extension 'twitchbot.cogs.custom' has been successfully loaded
[2020-07-13 17:01:33,515][DEBUG]: Bot is connected | username: ravenbot___
[2020-07-13 17:01:35,235][DEBUG]: Bot is connected | username: RavenBot#9284 | user id: 621556198378045440
[2020-07-13 17:01:35,235][DEBUG]: Guilds: RavenFeet Shareholders#596851216148070420
[2020-07-13 17:01:57,381][DEBUG]: The extension 'twitchbot.cogs.quotes' has been successfully loaded
[2020-07-13 17:01:57,384][DEBUG]: The extension 'twitchbot.cogs.custom' has been successfully loaded
[2020-07-13 17:01:57,385][DEBUG]: The extension 'twitchbot.cogs.timers' has been successfully loaded
[2020-07-13 17:01:58,135][DEBUG]: Bot is connected | username: ravenbot___
[2020-07-13 17:01:59,869][DEBUG]: Bot is connected | username: RavenBot#9284 | user id: 621556198378045440
[2020-07-13 17:01:59,869][DEBUG]: Guilds: RavenFeet Shareholders#596851216148070420
[2020-07-13 17:03:10,744][DEBUG]: The extension 'twitchbot.cogs.quotes' has been successfully loaded
[2020-07-13 17:03:10,746][DEBUG]: The extension 'twitchbot.cogs.timers' has been successfully loaded
[2020-07-13 17:03:10,749][DEBUG]: The extension 'twitchbot.cogs.custom' has been successfully loaded
[2020-07-13 17:03:11,470][DEBUG]: Bot is connected | username: ravenbot___
[2020-07-13 17:03:13,206][DEBUG]: Bot is connected | username: RavenBot#9284 | user id: 621556198378045440
[2020-07-13 17:03:13,206][DEBUG]: Guilds: RavenFeet Shareholders#596851216148070420
[2020-07-13 17:09:39,200][DEBUG]: The extension 'twitchbot.cogs.quotes' has been successfully loaded
[2020-07-13 17:09:39,203][DEBUG]: The extension 'twitchbot.cogs.custom' has been successfully loaded
[2020-07-13 17:09:39,204][DEBUG]: The extension 'twitchbot.cogs.timers' has been successfully loaded
[2020-07-13 17:09:39,926][DEBUG]: Bot is connected | username: ravenbot___
[2020-07-13 17:09:41,738][DEBUG]: Bot is connected | username: RavenBot#9284 | user id: 621556198378045440
[2020-07-13 17:09:41,738][DEBUG]: Guilds: RavenFeet Shareholders#596851216148070420
[2020-07-13 17:19:40,141][DEBUG]: The extension 'twitchbot.cogs.custom' has been successfully loaded
[2020-07-13 17:19:40,143][DEBUG]: The extension 'twitchbot.cogs.timers' has been successfully loaded
[2020-07-13 17:19:40,144][DEBUG]: The extension 'twitchbot.cogs.quotes' has been successfully loaded
[2020-07-13 17:19:40,944][DEBUG]: Bot is connected | username: ravenbot___
[2020-07-13 17:19:42,585][DEBUG]: Bot is connected | username: RavenBot#9284 | user id: 621556198378045440
[2020-07-13 17:19:42,585][DEBUG]: Guilds: RavenFeet Shareholders#596851216148070420
[2020-07-13 17:22:43,168][DEBUG]: The extension 'twitchbot.cogs.custom' has been successfully loaded
[2020-07-13 17:22:43,171][DEBUG]: The extension 'twitchbot.cogs.timers' has been successfully loaded
[2020-07-13 17:22:43,174][DEBUG]: The extension 'twitchbot.cogs.quotes' has been successfully loaded
[2020-07-13 17:22:43,930][DEBUG]: Bot is connected | username: ravenbot___
[2020-07-13 17:22:45,651][DEBUG]: Bot is connected | username: RavenBot#9284 | user id: 621556198378045440
[2020-07-13 17:22:45,651][DEBUG]: Guilds: RavenFeet Shareholders#596851216148070420
[2020-07-13 17:23:35,552][DEBUG]: The extension 'twitchbot.cogs.quotes' has been successfully loaded
[2020-07-13 17:23:35,558][DEBUG]: The extension 'twitchbot.cogs.custom' has been successfully loaded
[2020-07-13 17:23:35,561][DEBUG]: The extension 'twitchbot.cogs.timers' has been successfully loaded
[2020-07-13 17:23:36,285][DEBUG]: Bot is connected | username: ravenbot___
[2020-07-13 17:23:38,068][DEBUG]: Bot is connected | username: RavenBot#9284 | user id: 621556198378045440
[2020-07-13 17:23:38,068][DEBUG]: Guilds: RavenFeet Shareholders#596851216148070420
[2020-07-13 17:24:03,681][DEBUG]: The extension 'twitchbot.cogs.timers' has been successfully loaded
[2020-07-13 17:24:28,507][DEBUG]: The extension 'twitchbot.cogs.custom' has been successfully loaded
[2020-07-13 17:24:28,510][DEBUG]: The extension 'twitchbot.cogs.quotes' has been successfully loaded
[2020-07-13 17:24:29,259][DEBUG]: Bot is connected | username: ravenbot___
[2020-07-13 17:24:31,010][DEBUG]: Bot is connected | username: RavenBot#9284 | user id: 621556198378045440
[2020-07-13 17:24:31,010][DEBUG]: Guilds: RavenFeet Shareholders#596851216148070420
[2020-07-13 17:25:28,164][DEBUG]: The extension 'twitchbot.cogs.timers' has been successfully loaded
[2020-07-13 17:25:28,166][DEBUG]: The extension 'twitchbot.cogs.quotes' has been successfully loaded
[2020-07-13 17:26:34,943][DEBUG]: The extension 'twitchbot.cogs.custom' has been successfully loaded
[2020-07-13 17:26:34,947][DEBUG]: The extension 'twitchbot.cogs.quotes' has been successfully loaded
[2020-07-13 17:26:34,950][DEBUG]: The extension 'twitchbot.cogs.timers' has been successfully loaded
[2020-07-13 17:26:35,692][DEBUG]: Bot is connected | username: ravenbot___
[2020-07-13 17:26:37,396][DEBUG]: Bot is connected | username: RavenBot#9284 | user id: 621556198378045440
[2020-07-13 17:26:37,397][DEBUG]: Guilds: RavenFeet Shareholders#596851216148070420
[2020-07-13 17:27:42,013][DEBUG]: The extension 'twitchbot.cogs.timers' has been successfully loaded
[2020-07-13 17:27:42,016][DEBUG]: The extension 'twitchbot.cogs.quotes' has been successfully loaded
[2020-07-13 17:27:42,020][DEBUG]: The extension 'twitchbot.cogs.custom' has been successfully loaded
[2020-07-13 17:27:42,781][DEBUG]: Bot is connected | username: ravenbot___
[2020-07-13 17:27:44,517][DEBUG]: Bot is connected | username: RavenBot#9284 | user id: 621556198378045440
[2020-07-13 17:27:44,518][DEBUG]: Guilds: RavenFeet Shareholders#596851216148070420
[2020-07-13 17:27:50,365][ERROR]: Check failed: The command <addcom> failed to invoke due to checks:: check_extension_access (CheckFailure)
[2020-07-13 17:28:04,856][ERROR]: Check failed: The command <addcom> failed to invoke due to checks:: check_extension_access (CheckFailure)
[2020-07-13 17:28:20,214][DEBUG]: The extension 'twitchbot.cogs.timers' has been successfully loaded
[2020-07-13 17:28:20,218][DEBUG]: The extension 'twitchbot.cogs.custom' has been successfully loaded
[2020-07-13 17:28:20,221][DEBUG]: The extension 'twitchbot.cogs.quotes' has been successfully loaded
[2020-07-13 17:28:20,962][DEBUG]: Bot is connected | username: ravenbot___
[2020-07-13 17:28:22,743][DEBUG]: Bot is connected | username: RavenBot#9284 | user id: 621556198378045440
[2020-07-13 17:28:22,744][DEBUG]: Guilds: RavenFeet Shareholders#596851216148070420
[2020-07-13 17:28:26,423][WARNING]: Exception 'RepresenterError' raised in command '<twitchio.ext.commands.core.Command object at 0x0000024C59D24790>'
Traceback (most recent call last):
  File "C:\Users\Dread\.virtualenvs\ravenbot\lib\site-packages\twitchio\ext\commands\bot.py", line 524, in handle_commands
    await ctx.command._callback(instance, ctx, *ctx.args, **ctx.kwargs)
  File "ravenbot\twitchbot\cogs\custom\core.py", line 66, in addcom
    self.new_command(args[0], response)
  File "ravenbot\twitchbot\cogs\custom\core.py", line 34, in new_command
    self.customcoms.write(filename, self.customcoms)
  File "F:\documents\github\ravenbot\ravenbot\cfg.py", line 25, in write
    yaml.safe_dump(data, f)
  File "C:\Users\Dread\.virtualenvs\ravenbot\lib\site-packages\yaml\__init__.py", line 306, in safe_dump
    return dump_all([data], stream, Dumper=SafeDumper, **kwds)
  File "C:\Users\Dread\.virtualenvs\ravenbot\lib\site-packages\yaml\__init__.py", line 278, in dump_all
    dumper.represent(data)
  File "C:\Users\Dread\.virtualenvs\ravenbot\lib\site-packages\yaml\representer.py", line 27, in represent
    node = self.represent_data(data)
  File "C:\Users\Dread\.virtualenvs\ravenbot\lib\site-packages\yaml\representer.py", line 58, in represent_data
    node = self.yaml_representers[None](self, data)
  File "C:\Users\Dread\.virtualenvs\ravenbot\lib\site-packages\yaml\representer.py", line 231, in represent_undefined
    raise RepresenterError("cannot represent an object", data)
yaml.representer.RepresenterError: ('cannot represent an object', {'commands': {'twitter': 'https://twitter.com/DreadedRTA', 'discord': 'https://discord.gg/X2fsxAM', 'goinhome': 'YEP GOIN HOME', 'test': 'test'}})
[2020-07-13 17:32:29,586][DEBUG]: The extension 'twitchbot.cogs.quotes' has been successfully loaded
[2020-07-13 17:32:29,590][DEBUG]: The extension 'twitchbot.cogs.custom' has been successfully loaded
[2020-07-13 17:32:29,594][DEBUG]: The extension 'twitchbot.cogs.timers' has been successfully loaded
[2020-07-13 17:32:30,367][DEBUG]: Bot is connected | username: ravenbot___
[2020-07-13 17:32:32,104][DEBUG]: Bot is connected | username: RavenBot#9284 | user id: 621556198378045440
[2020-07-13 17:32:32,104][DEBUG]: Guilds: RavenFeet Shareholders#596851216148070420
[2020-07-13 17:34:19,664][DEBUG]: The extension 'twitchbot.cogs.timers' has been successfully loaded
[2020-07-13 17:34:19,667][DEBUG]: The extension 'twitchbot.cogs.custom' has been successfully loaded
[2020-07-13 17:34:19,668][DEBUG]: The extension 'twitchbot.cogs.quotes' has been successfully loaded
[2020-07-13 17:34:20,389][DEBUG]: Bot is connected | username: ravenbot___
[2020-07-13 17:34:22,170][DEBUG]: Bot is connected | username: RavenBot#9284 | user id: 621556198378045440
[2020-07-13 17:34:22,170][DEBUG]: Guilds: RavenFeet Shareholders#596851216148070420
[2020-07-13 17:34:26,357][WARNING]: Exception 'RepresenterError' raised in command '<twitchio.ext.commands.core.Command object at 0x0000023A9EAE3190>'
Traceback (most recent call last):
  File "C:\Users\Dread\.virtualenvs\ravenbot\lib\site-packages\twitchio\ext\commands\bot.py", line 524, in handle_commands
    await ctx.command._callback(instance, ctx, *ctx.args, **ctx.kwargs)
  File "ravenbot\twitchbot\cogs\custom\core.py", line 80, in delcom
    self.delete_command(name)
  File "ravenbot\twitchbot\cogs\custom\core.py", line 39, in delete_command
    self.customcoms.write(filename, self.customcoms)
  File "F:\documents\github\ravenbot\ravenbot\cfg.py", line 25, in write
    yaml.safe_dump(data, f)
  File "C:\Users\Dread\.virtualenvs\ravenbot\lib\site-packages\yaml\__init__.py", line 306, in safe_dump
    return dump_all([data], stream, Dumper=SafeDumper, **kwds)
  File "C:\Users\Dread\.virtualenvs\ravenbot\lib\site-packages\yaml\__init__.py", line 278, in dump_all
    dumper.represent(data)
  File "C:\Users\Dread\.virtualenvs\ravenbot\lib\site-packages\yaml\representer.py", line 27, in represent
    node = self.represent_data(data)
  File "C:\Users\Dread\.virtualenvs\ravenbot\lib\site-packages\yaml\representer.py", line 58, in represent_data
    node = self.yaml_representers[None](self, data)
  File "C:\Users\Dread\.virtualenvs\ravenbot\lib\site-packages\yaml\representer.py", line 231, in represent_undefined
    raise RepresenterError("cannot represent an object", data)
yaml.representer.RepresenterError: ('cannot represent an object', {'commands': {}})
[2020-07-13 17:34:58,386][WARNING]: Exception 'RepresenterError' raised in command '<twitchio.ext.commands.core.Command object at 0x0000023A9EAE3160>'
Traceback (most recent call last):
  File "C:\Users\Dread\.virtualenvs\ravenbot\lib\site-packages\twitchio\ext\commands\bot.py", line 524, in handle_commands
    await ctx.command._callback(instance, ctx, *ctx.args, **ctx.kwargs)
  File "ravenbot\twitchbot\cogs\custom\core.py", line 66, in addcom
    self.new_command(args[0], response)
  File "ravenbot\twitchbot\cogs\custom\core.py", line 34, in new_command
    self.customcoms.write(filename, self.customcoms)
  File "F:\documents\github\ravenbot\ravenbot\cfg.py", line 25, in write
    yaml.safe_dump(data, f)
  File "C:\Users\Dread\.virtualenvs\ravenbot\lib\site-packages\yaml\__init__.py", line 306, in safe_dump
    return dump_all([data], stream, Dumper=SafeDumper, **kwds)
  File "C:\Users\Dread\.virtualenvs\ravenbot\lib\site-packages\yaml\__init__.py", line 278, in dump_all
    dumper.represent(data)
  File "C:\Users\Dread\.virtualenvs\ravenbot\lib\site-packages\yaml\representer.py", line 27, in represent
    node = self.represent_data(data)
  File "C:\Users\Dread\.virtualenvs\ravenbot\lib\site-packages\yaml\representer.py", line 58, in represent_data
    node = self.yaml_representers[None](self, data)
  File "C:\Users\Dread\.virtualenvs\ravenbot\lib\site-packages\yaml\representer.py", line 231, in represent_undefined
    raise RepresenterError("cannot represent an object", data)
yaml.representer.RepresenterError: ('cannot represent an object', {'commands': {'test': 'test'}})
[2020-07-13 17:35:17,192][WARNING]: Exception 'RepresenterError' raised in command '<twitchio.ext.commands.core.Command object at 0x0000023A9EAE3190>'
Traceback (most recent call last):
  File "C:\Users\Dread\.virtualenvs\ravenbot\lib\site-packages\twitchio\ext\commands\bot.py", line 524, in handle_commands
    await ctx.command._callback(instance, ctx, *ctx.args, **ctx.kwargs)
  File "ravenbot\twitchbot\cogs\custom\core.py", line 80, in delcom
    self.delete_command(name)
  File "ravenbot\twitchbot\cogs\custom\core.py", line 39, in delete_command
    self.customcoms.write(filename, self.customcoms)
  File "F:\documents\github\ravenbot\ravenbot\cfg.py", line 25, in write
    yaml.safe_dump(data, f)
  File "C:\Users\Dread\.virtualenvs\ravenbot\lib\site-packages\yaml\__init__.py", line 306, in safe_dump
    return dump_all([data], stream, Dumper=SafeDumper, **kwds)
  File "C:\Users\Dread\.virtualenvs\ravenbot\lib\site-packages\yaml\__init__.py", line 278, in dump_all
    dumper.represent(data)
  File "C:\Users\Dread\.virtualenvs\ravenbot\lib\site-packages\yaml\representer.py", line 27, in represent
    node = self.represent_data(data)
  File "C:\Users\Dread\.virtualenvs\ravenbot\lib\site-packages\yaml\representer.py", line 58, in represent_data
    node = self.yaml_representers[None](self, data)
  File "C:\Users\Dread\.virtualenvs\ravenbot\lib\site-packages\yaml\representer.py", line 231, in represent_undefined
    raise RepresenterError("cannot represent an object", data)
yaml.representer.RepresenterError: ('cannot represent an object', {'commands': {}})
[2020-07-13 17:36:32,853][DEBUG]: The extension 'twitchbot.cogs.quotes' has been successfully loaded
[2020-07-13 17:36:32,855][DEBUG]: The extension 'twitchbot.cogs.timers' has been successfully loaded
[2020-07-13 17:36:44,238][DEBUG]: The extension 'twitchbot.cogs.custom' has been successfully loaded
[2020-07-13 17:36:44,241][DEBUG]: The extension 'twitchbot.cogs.timers' has been successfully loaded
[2020-07-13 17:36:44,244][DEBUG]: The extension 'twitchbot.cogs.quotes' has been successfully loaded
[2020-07-13 17:36:44,981][DEBUG]: Bot is connected | username: ravenbot___
[2020-07-13 17:36:46,669][DEBUG]: Bot is connected | username: RavenBot#9284 | user id: 621556198378045440
[2020-07-13 17:36:46,670][DEBUG]: Guilds: RavenFeet Shareholders#596851216148070420
[2020-07-13 17:37:26,707][DEBUG]: The extension 'twitchbot.cogs.custom' has been successfully loaded
[2020-07-13 17:37:26,711][DEBUG]: The extension 'twitchbot.cogs.timers' has been successfully loaded
[2020-07-13 17:37:26,713][DEBUG]: The extension 'twitchbot.cogs.quotes' has been successfully loaded
[2020-07-13 17:37:27,446][DEBUG]: Bot is connected | username: ravenbot___
[2020-07-13 17:37:29,197][DEBUG]: Bot is connected | username: RavenBot#9284 | user id: 621556198378045440
[2020-07-13 17:37:29,197][DEBUG]: Guilds: RavenFeet Shareholders#596851216148070420
[2020-07-13 17:37:38,139][WARNING]: Exception 'RepresenterError' raised in command '<twitchio.ext.commands.core.Command object at 0x000001B8E0ED4310>'
Traceback (most recent call last):
  File "C:\Users\Dread\.virtualenvs\ravenbot\lib\site-packages\twitchio\ext\commands\bot.py", line 524, in handle_commands
    await ctx.command._callback(instance, ctx, *ctx.args, **ctx.kwargs)
  File "ravenbot\twitchbot\cogs\custom\core.py", line 80, in delcom
    self.delete_command(name)
  File "ravenbot\twitchbot\cogs\custom\core.py", line 39, in delete_command
    self.customcoms.write(filename, self.customcoms)
  File "F:\documents\github\ravenbot\ravenbot\cfg.py", line 28, in write
    yaml.safe_dump(data, f)
  File "C:\Users\Dread\.virtualenvs\ravenbot\lib\site-packages\yaml\__init__.py", line 306, in safe_dump
    return dump_all([data], stream, Dumper=SafeDumper, **kwds)
  File "C:\Users\Dread\.virtualenvs\ravenbot\lib\site-packages\yaml\__init__.py", line 278, in dump_all
    dumper.represent(data)
  File "C:\Users\Dread\.virtualenvs\ravenbot\lib\site-packages\yaml\representer.py", line 27, in represent
    node = self.represent_data(data)
  File "C:\Users\Dread\.virtualenvs\ravenbot\lib\site-packages\yaml\representer.py", line 58, in represent_data
    node = self.yaml_representers[None](self, data)
  File "C:\Users\Dread\.virtualenvs\ravenbot\lib\site-packages\yaml\representer.py", line 231, in represent_undefined
    raise RepresenterError("cannot represent an object", data)
yaml.representer.RepresenterError: ('cannot represent an object', {'commands': {}})
[2020-07-13 17:39:16,802][DEBUG]: The extension 'twitchbot.cogs.quotes' has been successfully loaded
[2020-07-13 17:39:16,806][DEBUG]: The extension 'twitchbot.cogs.timers' has been successfully loaded
[2020-07-13 17:39:16,809][DEBUG]: The extension 'twitchbot.cogs.custom' has been successfully loaded
[2020-07-13 17:39:17,589][DEBUG]: Bot is connected | username: ravenbot___
[2020-07-13 17:39:19,309][DEBUG]: Bot is connected | username: RavenBot#9284 | user id: 621556198378045440
[2020-07-13 17:39:19,310][DEBUG]: Guilds: RavenFeet Shareholders#596851216148070420
[2020-07-13 17:41:43,519][DEBUG]: The extension 'twitchbot.cogs.quotes' has been successfully loaded
[2020-07-13 17:41:43,523][DEBUG]: The extension 'twitchbot.cogs.timers' has been successfully loaded
[2020-07-13 17:41:43,526][DEBUG]: The extension 'twitchbot.cogs.custom' has been successfully loaded
[2020-07-13 17:41:44,290][DEBUG]: Bot is connected | username: ravenbot___
[2020-07-13 17:41:46,370][DEBUG]: Bot is connected | username: RavenBot#9284 | user id: 621556198378045440
[2020-07-13 17:41:46,371][DEBUG]: Guilds: RavenFeet Shareholders#596851216148070420
[2020-07-13 17:46:22,053][DEBUG]: The extension 'twitchbot.cogs.custom' has been successfully loaded
[2020-07-13 17:46:22,056][DEBUG]: The extension 'twitchbot.cogs.timers' has been successfully loaded
[2020-07-13 17:46:22,834][DEBUG]: Bot is connected | username: ravenbot___
[2020-07-13 17:46:24,522][DEBUG]: Bot is connected | username: RavenBot#9284 | user id: 621556198378045440
[2020-07-13 17:46:24,523][DEBUG]: Guilds: RavenFeet Shareholders#596851216148070420
[2020-07-13 17:58:49,165][DEBUG]: The extension 'twitchbot.cogs.timers' has been successfully loaded
[2020-07-13 17:58:49,166][DEBUG]: The extension 'twitchbot.cogs.custom' has been successfully loaded
[2020-07-13 17:59:16,123][DEBUG]: The extension 'twitchbot.cogs.custom' has been successfully loaded
[2020-07-13 17:59:16,124][DEBUG]: The extension 'twitchbot.cogs.timers' has been successfully loaded
[2020-07-13 17:59:16,126][DEBUG]: The extension 'twitchbot.cogs.followage' has been successfully loaded
[2020-07-13 17:59:16,856][DEBUG]: Bot is connected | username: ravenbot___
[2020-07-13 17:59:18,544][DEBUG]: Bot is connected | username: RavenBot#9284 | user id: 621556198378045440
[2020-07-13 17:59:18,544][DEBUG]: Guilds: RavenFeet Shareholders#596851216148070420
